<!DOCTYPE html PUBLIC "-//W3C//DTD XHTML 1.1//EN" "https://www.w3.org/TR/xhtml11/DTD/xhtml11.dtd">
<html xmlns="https://www.w3.org/1999/xhtml">
<head>
<meta http-equiv="content-type" content="text/html; charset=UTF-8"/>
<title>TestNG Report</title>
<style type="text/css">table {margin-bottom:10px;border-collapse:collapse;empty-cells:show}th,td {border:1px solid #009;padding:.25em .5em}th {vertical-align:bottom}td {vertical-align:top}table a {font-weight:bold}.stripe td {background-color: #E6EBF9}.num {text-align:right}.passedodd td {background-color: #3F3}.passedeven td {background-color: #0A0}.skippedodd td {background-color: #DDD}.skippedeven td {background-color: #CCC}.failedodd td,.attn {background-color: #F33}.failedeven td,.stripe .attn {background-color: #D00}.stacktrace {white-space:pre;font-family:monospace}.totop {font-size:85%;text-align:center;border-bottom:2px solid #000}.invisible {display:none}</style>
</head>
<body>
<table>
<tr><th>Test</th><th># Passed</th><th># Skipped</th><th># Retried</th><th># Failed</th><th>Time (ms)</th><th>Included Groups</th><th>Excluded Groups</th></tr>
<tr><th colspan="8">Suite</th></tr>
<tr><td><a href="#t0">Test</a></td><td class="num">46</td><td class="num">0</td><td class="num">0</td><td class="num attn">4</td><td class="num">409,388</td><td></td><td></td></tr>
</table>
<table id='summary'><thead><tr><th>Class</th><th>Method</th><th>Start</th><th>Time (ms)</th></tr></thead><tbody><tr><th colspan="4">Suite</th></tr></tbody><tbody id="t0"><tr><th colspan="4">Test &#8212; failed</th></tr><tr class="failedeven"><td rowspan="4">test.CheckoutTest</td><td><a href="#m0">verifyAlphaCharactersInPostalCodeField</a></td><td rowspan="1">1694375053504</td><td rowspan="1">2189</td></tr><tr class="failedeven"><td><a href="#m1">verifyFourDigitNumberInPostalCodeField</a></td><td rowspan="1">1694375046734</td><td rowspan="1">2516</td></tr><tr class="failedeven"><td><a href="#m2">verifySpecialCharactersInPostalCodeField</a></td><td rowspan="1">1694375060892</td><td rowspan="1">2201</td></tr><tr class="failedeven"><td><a href="#m3">verifyValidPostalCodeInPostalCodeField</a></td><td rowspan="1">1694375039644</td><td rowspan="1">2380</td></tr><tr><th colspan="4">Test &#8212; passed</th></tr><tr class="passedeven"><td rowspan="1">test.AboutTest</td><td><a href="#m4">verifyTheWorkingOfAboutPage</a></td><td rowspan="1">1694374952657</td><td rowspan="1">15290</td></tr><tr class="passedodd"><td rowspan="11">test.AddToCartTest</td><td><a href="#m5">addMultipleProductsInCart</a></td><td rowspan="1">1694374852029</td><td rowspan="1">1611</td></tr><tr class="passedodd"><td><a href="#m6">verifyAddProductFromProductDetailsPage</a></td><td rowspan="1">1694374840363</td><td rowspan="1">1262</td></tr><tr class="passedodd"><td><a href="#m7">verifyClickOnCheckoutButton</a></td><td rowspan="1">1694374834827</td><td rowspan="1">943</td></tr><tr class="passedodd"><td><a href="#m8">verifyClickOnContinueShoppingButton</a></td><td rowspan="1">1694374826228</td><td rowspan="1">927</td></tr><tr class="passedodd"><td><a href="#m9">verifyClickOnProductNameFromCart</a></td><td rowspan="1">1694374846092</td><td rowspan="1">1038</td></tr><tr class="passedodd"><td><a href="#m10">verifyProductNameOFProductPageWithCartPage</a></td><td rowspan="1">1694374859295</td><td rowspan="1">1047</td></tr><tr class="passedodd"><td><a href="#m11">verifyRemoveProductFromProductDetailsPage</a></td><td rowspan="1">1694374820622</td><td rowspan="1">737</td></tr><tr class="passedodd"><td><a href="#m12">verifyTheClickOnAddToCart</a></td><td rowspan="1">1694374799315</td><td rowspan="1">570</td></tr><tr class="passedodd"><td><a href="#m13">verifyTheClickOnRemoveButton</a></td><td rowspan="1">1694374814766</td><td rowspan="1">614</td></tr><tr class="passedodd"><td><a href="#m14">verifyTheClickOncart</a></td><td rowspan="1">1694374808080</td><td rowspan="1">708</td></tr><tr class="passedodd"><td><a href="#m15">verifyTheProductPrice</a></td><td rowspan="1">1694374864984</td><td rowspan="1">991</td></tr><tr class="passedeven"><td rowspan="10">test.CheckoutTest</td><td><a href="#m16">verifyAlphaCharactersAndNumbersInFirstNameField</a></td><td rowspan="1">1694375006149</td><td rowspan="1">1294</td></tr><tr class="passedeven"><td><a href="#m17">verifyAlphaCharactersAndNumbersInLastNameField</a></td><td rowspan="1">1694375033607</td><td rowspan="1">1874</td></tr><tr class="passedeven"><td><a href="#m18">verifyAlphaCharactersInFirstNameField</a></td><td rowspan="1">1694374981745</td><td rowspan="1">2095</td></tr><tr class="passedeven"><td><a href="#m19">verifyAlphaCharactersInLastNameField</a></td><td rowspan="1">1694375012105</td><td rowspan="1">2503</td></tr><tr class="passedeven"><td><a href="#m20">verifyNumbersInFirstNameField</a></td><td rowspan="1">1694374989890</td><td rowspan="1">1987</td></tr><tr class="passedeven"><td><a href="#m21">verifyNumbersInLastNameField</a></td><td rowspan="1">1694375018929</td><td rowspan="1">1770</td></tr><tr class="passedeven"><td><a href="#m22">verifySpecialCharactersInFirstNameField</a></td><td rowspan="1">1694374999212</td><td rowspan="1">1727</td></tr><tr class="passedeven"><td><a href="#m23">verifySpecialCharactersInLastNameField</a></td><td rowspan="1">1694375027593</td><td rowspan="1">1678</td></tr><tr class="passedeven"><td><a href="#m24">verifyTheWrokingOfContinueButtonWithAllValidInformation</a></td><td rowspan="1">1694375067646</td><td rowspan="1">1415</td></tr><tr class="passedeven"><td><a href="#m25">verifyWorkingOfCheckoutButton</a></td><td rowspan="1">1694374973292</td><td rowspan="1">1561</td></tr><tr class="passedodd"><td rowspan="1">test.EndToEndTest</td><td><a href="#m26">verifyTheCoustomerAbleToPlaceOrderSuccessuflly</a></td><td rowspan="1">1694374784267</td><td rowspan="1">1780</td></tr><tr class="passedeven"><td rowspan="4">test.FooterTest</td><td><a href="#m27">verifyTheWorkingOfFacebook</a></td><td rowspan="1">1694374747401</td><td rowspan="1">4737</td></tr><tr class="passedeven"><td><a href="#m28">verifyTheWorkingOfLinkedin</a></td><td rowspan="1">1694374769755</td><td rowspan="1">3713</td></tr><tr class="passedeven"><td><a href="#m29">verifyTheWorkingOfTwitter</a></td><td rowspan="1">1694374757771</td><td rowspan="1">6580</td></tr><tr class="passedeven"><td><a href="#m30">verifyThetextOfFooter</a></td><td rowspan="1">1694374778673</td><td rowspan="1">680</td></tr><tr class="passedodd"><td rowspan="1">test.LogOutTest</td><td><a href="#m31">verifyTheWorkingOfLogout</a></td><td rowspan="1">1694374791515</td><td rowspan="1">1132</td></tr><tr class="passedeven"><td rowspan="5">test.OverviewTest</td><td><a href="#m32">verifyIteamTotalWithAdditionOfProductPrice</a></td><td rowspan="1">1694374939483</td><td rowspan="1">2041</td></tr><tr class="passedeven"><td><a href="#m33">verifySumofIteamTotalAndTaxWithTotalPrice</a></td><td rowspan="1">1694374946563</td><td rowspan="1">1792</td></tr><tr class="passedeven"><td><a href="#m34">verifyTheCheckoutOverivewPageWithFinishButton</a></td><td rowspan="1">1694374920235</td><td rowspan="1">1739</td></tr><tr class="passedeven"><td><a href="#m35">verifyTheCheckoutOverviewPageWithBackHomeButton</a></td><td rowspan="1">1694374926828</td><td rowspan="1">2072</td></tr><tr class="passedeven"><td><a href="#m36">verifyTheProductPrice</a></td><td rowspan="1">1694374933627</td><td rowspan="1">1340</td></tr><tr class="passedodd"><td rowspan="9">test.ProductPageTest</td><td><a href="#m37">verifyTheClickOnAddToCart</a></td><td rowspan="1">1694374891984</td><td rowspan="1">903</td></tr><tr class="passedodd"><td><a href="#m38">verifyTheClickOnFilterAtoZ</a></td><td rowspan="1">1694374897521</td><td rowspan="1">953</td></tr><tr class="passedodd"><td><a href="#m39">verifyTheClickOnFilterHighToLow</a></td><td rowspan="1">1694374914988</td><td rowspan="1">743</td></tr><tr class="passedodd"><td><a href="#m40">verifyTheClickOnFilterLowToHigh</a></td><td rowspan="1">1694374908985</td><td rowspan="1">1013</td></tr><tr class="passedodd"><td><a href="#m41">verifyTheClickOnFilterZtoA</a></td><td rowspan="1">1694374902986</td><td rowspan="1">1050</td></tr><tr class="passedodd"><td><a href="#m42">verifyTheMouseOverTheProductName</a></td><td rowspan="1">1694374886705</td><td rowspan="1">673</td></tr><tr class="passedodd"><td><a href="#m43">verifyTheProductImage</a></td><td rowspan="1">1694374870124</td><td rowspan="1">576</td></tr><tr class="passedodd"><td><a href="#m44">verifyTheProductNameLink</a></td><td rowspan="1">1694374875317</td><td rowspan="1">605</td></tr><tr class="passedodd"><td><a href="#m45">verifyTheProductsList</a></td><td rowspan="1">1694374880784</td><td rowspan="1">1242</td></tr><tr class="passedeven"><td rowspan="4">test.SwagLabLoginTest</td><td><a href="#m46">logInWithLockedOutUser</a></td><td rowspan="1">1694374726834</td><td rowspan="1">440</td></tr><tr class="passedeven"><td><a href="#m47">logInWithPerformanceGlitchUser</a></td><td rowspan="1">1694374736769</td><td rowspan="1">5521</td></tr><tr class="passedeven"><td><a href="#m48">logInWithProblemUser</a></td><td rowspan="1">1694374731894</td><td rowspan="1">428</td></tr><tr class="passedeven"><td><a href="#m49">logInWithValidStandardUser</a></td><td rowspan="1">1694374720912</td><td rowspan="1">731</td></tr></tbody>
</table>
<h2>Test</h2><h3 id="m0">test.CheckoutTest#verifyAlphaCharactersInPostalCodeField</h3><table class="result"><tr><th>Exception</th></tr><tr><td><div class="stacktrace">org.openqa.selenium.NoSuchElementException: no such element: Unable to locate element: {&quot;method&quot;:&quot;xpath&quot;,&quot;selector&quot;:&quot;//h3[@data-test=&apos;error&apos;]&quot;}
  (Session info: chrome=116.0.5845.179)
For documentation on this error, please visit: https://www.selenium.dev/documentation/webdriver/troubleshooting/errors#no-such-element-exception
Build info: version: &apos;4.10.0&apos;, revision: &apos;c14d967899&apos;
System info: os.name: &apos;Windows 10&apos;, os.arch: &apos;amd64&apos;, os.version: &apos;10.0&apos;, java.version: &apos;17.0.6&apos;
Driver info: org.openqa.selenium.chrome.ChromeDriver
Command: [12e9ff22dcd9802442550bd5fbb67b3b, findElement {using=xpath, value=//h3[@data-test=&apos;error&apos;]}]
Capabilities {acceptInsecureCerts: false, browserName: chrome, browserVersion: 116.0.5845.179, chrome: {chromedriverVersion: 116.0.5845.96 (1a3918166880..., userDataDir: C:\Users\User\AppData\Local...}, fedcm:accounts: true, goog:chromeOptions: {debuggerAddress: localhost:58789}, networkConnectionEnabled: false, pageLoadStrategy: normal, platformName: windows, proxy: Proxy(), se:cdp: ws://localhost:58789/devtoo..., se:cdpVersion: 116.0.5845.179, setWindowRect: true, strictFileInteractability: false, timeouts: {implicit: 0, pageLoad: 300000, script: 30000}, unhandledPromptBehavior: dismiss and notify, webauthn:extension:credBlob: true, webauthn:extension:largeBlob: true, webauthn:extension:minPinLength: true, webauthn:extension:prf: true, webauthn:virtualAuthenticators: true}
Session ID: 12e9ff22dcd9802442550bd5fbb67b3b
	at org.openqa.selenium.remote.codec.w3c.W3CHttpResponseCodec.createException(W3CHttpResponseCodec.java:199)
	at org.openqa.selenium.remote.codec.w3c.W3CHttpResponseCodec.decode(W3CHttpResponseCodec.java:132)
	at org.openqa.selenium.remote.codec.w3c.W3CHttpResponseCodec.decode(W3CHttpResponseCodec.java:51)
	at org.openqa.selenium.remote.HttpCommandExecutor.execute(HttpCommandExecutor.java:191)
	at org.openqa.selenium.remote.service.DriverCommandExecutor.invokeExecute(DriverCommandExecutor.java:196)
	at org.openqa.selenium.remote.service.DriverCommandExecutor.execute(DriverCommandExecutor.java:171)
	at org.openqa.selenium.remote.RemoteWebDriver.execute(RemoteWebDriver.java:531)
	at org.openqa.selenium.remote.ElementLocation$ElementFinder$2.findElement(ElementLocation.java:165)
	at org.openqa.selenium.remote.ElementLocation.findElement(ElementLocation.java:59)
	at org.openqa.selenium.remote.RemoteWebDriver.findElement(RemoteWebDriver.java:350)
	at org.openqa.selenium.remote.RemoteWebDriver.findElement(RemoteWebDriver.java:344)
	at org.openqa.selenium.support.pagefactory.DefaultElementLocator.findElement(DefaultElementLocator.java:68)
	at org.openqa.selenium.support.pagefactory.internal.LocatingElementHandler.invoke(LocatingElementHandler.java:38)
	at jdk.proxy2/jdk.proxy2.$Proxy19.getText(Unknown Source)
	at pom.CheckoutPage.getDisplyedErrorMessage(CheckoutPage.java:35)
	at test.CheckoutTest.verifyAlphaCharactersInPostalCodeField(CheckoutTest.java:186)
	at java.base/java.util.ArrayList.forEach(ArrayList.java:1511)
... Removed 32 stack frames</div></td></tr></table><p class="totop"><a href="#summary">back to summary</a></p>
<h3 id="m1">test.CheckoutTest#verifyFourDigitNumberInPostalCodeField</h3><table class="result"><tr><th>Exception</th></tr><tr><td><div class="stacktrace">org.openqa.selenium.NoSuchElementException: no such element: Unable to locate element: {&quot;method&quot;:&quot;xpath&quot;,&quot;selector&quot;:&quot;//h3[@data-test=&apos;error&apos;]&quot;}
  (Session info: chrome=116.0.5845.179)
For documentation on this error, please visit: https://www.selenium.dev/documentation/webdriver/troubleshooting/errors#no-such-element-exception
Build info: version: &apos;4.10.0&apos;, revision: &apos;c14d967899&apos;
System info: os.name: &apos;Windows 10&apos;, os.arch: &apos;amd64&apos;, os.version: &apos;10.0&apos;, java.version: &apos;17.0.6&apos;
Driver info: org.openqa.selenium.chrome.ChromeDriver
Command: [faf642307835d8cf3b5fafc9fd9fd309, findElement {using=xpath, value=//h3[@data-test=&apos;error&apos;]}]
Capabilities {acceptInsecureCerts: false, browserName: chrome, browserVersion: 116.0.5845.179, chrome: {chromedriverVersion: 116.0.5845.96 (1a3918166880..., userDataDir: C:\Users\User\AppData\Local...}, fedcm:accounts: true, goog:chromeOptions: {debuggerAddress: localhost:58768}, networkConnectionEnabled: false, pageLoadStrategy: normal, platformName: windows, proxy: Proxy(), se:cdp: ws://localhost:58768/devtoo..., se:cdpVersion: 116.0.5845.179, setWindowRect: true, strictFileInteractability: false, timeouts: {implicit: 0, pageLoad: 300000, script: 30000}, unhandledPromptBehavior: dismiss and notify, webauthn:extension:credBlob: true, webauthn:extension:largeBlob: true, webauthn:extension:minPinLength: true, webauthn:extension:prf: true, webauthn:virtualAuthenticators: true}
Session ID: faf642307835d8cf3b5fafc9fd9fd309
	at org.openqa.selenium.remote.codec.w3c.W3CHttpResponseCodec.createException(W3CHttpResponseCodec.java:199)
	at org.openqa.selenium.remote.codec.w3c.W3CHttpResponseCodec.decode(W3CHttpResponseCodec.java:132)
	at org.openqa.selenium.remote.codec.w3c.W3CHttpResponseCodec.decode(W3CHttpResponseCodec.java:51)
	at org.openqa.selenium.remote.HttpCommandExecutor.execute(HttpCommandExecutor.java:191)
	at org.openqa.selenium.remote.service.DriverCommandExecutor.invokeExecute(DriverCommandExecutor.java:196)
	at org.openqa.selenium.remote.service.DriverCommandExecutor.execute(DriverCommandExecutor.java:171)
	at org.openqa.selenium.remote.RemoteWebDriver.execute(RemoteWebDriver.java:531)
	at org.openqa.selenium.remote.ElementLocation$ElementFinder$2.findElement(ElementLocation.java:165)
	at org.openqa.selenium.remote.ElementLocation.findElement(ElementLocation.java:59)
	at org.openqa.selenium.remote.RemoteWebDriver.findElement(RemoteWebDriver.java:350)
	at org.openqa.selenium.remote.RemoteWebDriver.findElement(RemoteWebDriver.java:344)
	at org.openqa.selenium.support.pagefactory.DefaultElementLocator.findElement(DefaultElementLocator.java:68)
	at org.openqa.selenium.support.pagefactory.internal.LocatingElementHandler.invoke(LocatingElementHandler.java:38)
	at jdk.proxy2/jdk.proxy2.$Proxy19.getText(Unknown Source)
	at pom.CheckoutPage.getDisplyedErrorMessage(CheckoutPage.java:35)
	at test.CheckoutTest.verifyFourDigitNumberInPostalCodeField(CheckoutTest.java:171)
	at java.base/java.util.ArrayList.forEach(ArrayList.java:1511)
... Removed 32 stack frames</div></td></tr></table><p class="totop"><a href="#summary">back to summary</a></p>
<h3 id="m2">test.CheckoutTest#verifySpecialCharactersInPostalCodeField</h3><table class="result"><tr><th>Exception</th></tr><tr><td><div class="stacktrace">org.openqa.selenium.NoSuchElementException: no such element: Unable to locate element: {&quot;method&quot;:&quot;xpath&quot;,&quot;selector&quot;:&quot;//h3[@data-test=&apos;error&apos;]&quot;}
  (Session info: chrome=116.0.5845.179)
For documentation on this error, please visit: https://www.selenium.dev/documentation/webdriver/troubleshooting/errors#no-such-element-exception
Build info: version: &apos;4.10.0&apos;, revision: &apos;c14d967899&apos;
System info: os.name: &apos;Windows 10&apos;, os.arch: &apos;amd64&apos;, os.version: &apos;10.0&apos;, java.version: &apos;17.0.6&apos;
Driver info: org.openqa.selenium.chrome.ChromeDriver
Command: [0a06b71192218c508974da024b3ba3a7, findElement {using=xpath, value=//h3[@data-test=&apos;error&apos;]}]
Capabilities {acceptInsecureCerts: false, browserName: chrome, browserVersion: 116.0.5845.179, chrome: {chromedriverVersion: 116.0.5845.96 (1a3918166880..., userDataDir: C:\Users\User\AppData\Local...}, fedcm:accounts: true, goog:chromeOptions: {debuggerAddress: localhost:58808}, networkConnectionEnabled: false, pageLoadStrategy: normal, platformName: windows, proxy: Proxy(), se:cdp: ws://localhost:58808/devtoo..., se:cdpVersion: 116.0.5845.179, setWindowRect: true, strictFileInteractability: false, timeouts: {implicit: 0, pageLoad: 300000, script: 30000}, unhandledPromptBehavior: dismiss and notify, webauthn:extension:credBlob: true, webauthn:extension:largeBlob: true, webauthn:extension:minPinLength: true, webauthn:extension:prf: true, webauthn:virtualAuthenticators: true}
Session ID: 0a06b71192218c508974da024b3ba3a7
	at org.openqa.selenium.remote.codec.w3c.W3CHttpResponseCodec.createException(W3CHttpResponseCodec.java:199)
	at org.openqa.selenium.remote.codec.w3c.W3CHttpResponseCodec.decode(W3CHttpResponseCodec.java:132)
	at org.openqa.selenium.remote.codec.w3c.W3CHttpResponseCodec.decode(W3CHttpResponseCodec.java:51)
	at org.openqa.selenium.remote.HttpCommandExecutor.execute(HttpCommandExecutor.java:191)
	at org.openqa.selenium.remote.service.DriverCommandExecutor.invokeExecute(DriverCommandExecutor.java:196)
	at org.openqa.selenium.remote.service.DriverCommandExecutor.execute(DriverCommandExecutor.java:171)
	at org.openqa.selenium.remote.RemoteWebDriver.execute(RemoteWebDriver.java:531)
	at org.openqa.selenium.remote.ElementLocation$ElementFinder$2.findElement(ElementLocation.java:165)
	at org.openqa.selenium.remote.ElementLocation.findElement(ElementLocation.java:59)
	at org.openqa.selenium.remote.RemoteWebDriver.findElement(RemoteWebDriver.java:350)
	at org.openqa.selenium.remote.RemoteWebDriver.findElement(RemoteWebDriver.java:344)
	at org.openqa.selenium.support.pagefactory.DefaultElementLocator.findElement(DefaultElementLocator.java:68)
	at org.openqa.selenium.support.pagefactory.internal.LocatingElementHandler.invoke(LocatingElementHandler.java:38)
	at jdk.proxy2/jdk.proxy2.$Proxy19.getText(Unknown Source)
	at pom.CheckoutPage.getDisplyedErrorMessage(CheckoutPage.java:35)
	at test.CheckoutTest.verifySpecialCharactersInPostalCodeField(CheckoutTest.java:202)
	at java.base/java.util.ArrayList.forEach(ArrayList.java:1511)
... Removed 32 stack frames</div></td></tr></table><p class="totop"><a href="#summary">back to summary</a></p>
<h3 id="m3">test.CheckoutTest#verifyValidPostalCodeInPostalCodeField</h3><table class="result"><tr><th>Exception</th></tr><tr><td><div class="stacktrace">org.openqa.selenium.NoSuchElementException: no such element: Unable to locate element: {&quot;method&quot;:&quot;xpath&quot;,&quot;selector&quot;:&quot;//h3[@data-test=&apos;error&apos;]&quot;}
  (Session info: chrome=116.0.5845.179)
For documentation on this error, please visit: https://www.selenium.dev/documentation/webdriver/troubleshooting/errors#no-such-element-exception
Build info: version: &apos;4.10.0&apos;, revision: &apos;c14d967899&apos;
System info: os.name: &apos;Windows 10&apos;, os.arch: &apos;amd64&apos;, os.version: &apos;10.0&apos;, java.version: &apos;17.0.6&apos;
Driver info: org.openqa.selenium.chrome.ChromeDriver
Command: [ba3ac1f7b6d70130b1ad34057d41c24f, findElement {using=xpath, value=//h3[@data-test=&apos;error&apos;]}]
Capabilities {acceptInsecureCerts: false, browserName: chrome, browserVersion: 116.0.5845.179, chrome: {chromedriverVersion: 116.0.5845.96 (1a3918166880..., userDataDir: C:\Users\User\AppData\Local...}, fedcm:accounts: true, goog:chromeOptions: {debuggerAddress: localhost:58747}, networkConnectionEnabled: false, pageLoadStrategy: normal, platformName: windows, proxy: Proxy(), se:cdp: ws://localhost:58747/devtoo..., se:cdpVersion: 116.0.5845.179, setWindowRect: true, strictFileInteractability: false, timeouts: {implicit: 0, pageLoad: 300000, script: 30000}, unhandledPromptBehavior: dismiss and notify, webauthn:extension:credBlob: true, webauthn:extension:largeBlob: true, webauthn:extension:minPinLength: true, webauthn:extension:prf: true, webauthn:virtualAuthenticators: true}
Session ID: ba3ac1f7b6d70130b1ad34057d41c24f
	at org.openqa.selenium.remote.codec.w3c.W3CHttpResponseCodec.createException(W3CHttpResponseCodec.java:199)
	at org.openqa.selenium.remote.codec.w3c.W3CHttpResponseCodec.decode(W3CHttpResponseCodec.java:132)
	at org.openqa.selenium.remote.codec.w3c.W3CHttpResponseCodec.decode(W3CHttpResponseCodec.java:51)
	at org.openqa.selenium.remote.HttpCommandExecutor.execute(HttpCommandExecutor.java:191)
	at org.openqa.selenium.remote.service.DriverCommandExecutor.invokeExecute(DriverCommandExecutor.java:196)
	at org.openqa.selenium.remote.service.DriverCommandExecutor.execute(DriverCommandExecutor.java:171)
	at org.openqa.selenium.remote.RemoteWebDriver.execute(RemoteWebDriver.java:531)
	at org.openqa.selenium.remote.ElementLocation$ElementFinder$2.findElement(ElementLocation.java:165)
	at org.openqa.selenium.remote.ElementLocation.findElement(ElementLocation.java:59)
	at org.openqa.selenium.remote.RemoteWebDriver.findElement(RemoteWebDriver.java:350)
	at org.openqa.selenium.remote.RemoteWebDriver.findElement(RemoteWebDriver.java:344)
	at org.openqa.selenium.support.pagefactory.DefaultElementLocator.findElement(DefaultElementLocator.java:68)
	at org.openqa.selenium.support.pagefactory.internal.LocatingElementHandler.invoke(LocatingElementHandler.java:38)
	at jdk.proxy2/jdk.proxy2.$Proxy19.getText(Unknown Source)
	at pom.CheckoutPage.getDisplyedErrorMessage(CheckoutPage.java:35)
	at test.CheckoutTest.verifyValidPostalCodeInPostalCodeField(CheckoutTest.java:155)
	at java.base/java.util.ArrayList.forEach(ArrayList.java:1511)
... Removed 32 stack frames</div></td></tr></table><p class="totop"><a href="#summary">back to summary</a></p>
<h3 id="m4">test.AboutTest#verifyTheWorkingOfAboutPage</h3><table class="result"><tr><th class="invisible"/></tr></table><p class="totop"><a href="#summary">back to summary</a></p>
<h3 id="m5">test.AddToCartTest#addMultipleProductsInCart</h3><table class="result"><tr><th class="invisible"/></tr></table><p class="totop"><a href="#summary">back to summary</a></p>
<h3 id="m6">test.AddToCartTest#verifyAddProductFromProductDetailsPage</h3><table class="result"><tr><th class="invisible"/></tr></table><p class="totop"><a href="#summary">back to summary</a></p>
<h3 id="m7">test.AddToCartTest#verifyClickOnCheckoutButton</h3><table class="result"><tr><th class="invisible"/></tr></table><p class="totop"><a href="#summary">back to summary</a></p>
<h3 id="m8">test.AddToCartTest#verifyClickOnContinueShoppingButton</h3><table class="result"><tr><th class="invisible"/></tr></table><p class="totop"><a href="#summary">back to summary</a></p>
<h3 id="m9">test.AddToCartTest#verifyClickOnProductNameFromCart</h3><table class="result"><tr><th class="invisible"/></tr></table><p class="totop"><a href="#summary">back to summary</a></p>
<h3 id="m10">test.AddToCartTest#verifyProductNameOFProductPageWithCartPage</h3><table class="result"><tr><th class="invisible"/></tr></table><p class="totop"><a href="#summary">back to summary</a></p>
<h3 id="m11">test.AddToCartTest#verifyRemoveProductFromProductDetailsPage</h3><table class="result"><tr><th class="invisible"/></tr></table><p class="totop"><a href="#summary">back to summary</a></p>
<h3 id="m12">test.AddToCartTest#verifyTheClickOnAddToCart</h3><table class="result"><tr><th class="invisible"/></tr></table><p class="totop"><a href="#summary">back to summary</a></p>
<h3 id="m13">test.AddToCartTest#verifyTheClickOnRemoveButton</h3><table class="result"><tr><th class="invisible"/></tr></table><p class="totop"><a href="#summary">back to summary</a></p>
<h3 id="m14">test.AddToCartTest#verifyTheClickOncart</h3><table class="result"><tr><th class="invisible"/></tr></table><p class="totop"><a href="#summary">back to summary</a></p>
<h3 id="m15">test.AddToCartTest#verifyTheProductPrice</h3><table class="result"><tr><th class="invisible"/></tr></table><p class="totop"><a href="#summary">back to summary</a></p>
<h3 id="m16">test.CheckoutTest#verifyAlphaCharactersAndNumbersInFirstNameField</h3><table class="result"><tr><th class="invisible"/></tr></table><p class="totop"><a href="#summary">back to summary</a></p>
<h3 id="m17">test.CheckoutTest#verifyAlphaCharactersAndNumbersInLastNameField</h3><table class="result"><tr><th class="invisible"/></tr></table><p class="totop"><a href="#summary">back to summary</a></p>
<h3 id="m18">test.CheckoutTest#verifyAlphaCharactersInFirstNameField</h3><table class="result"><tr><th class="invisible"/></tr></table><p class="totop"><a href="#summary">back to summary</a></p>
<h3 id="m19">test.CheckoutTest#verifyAlphaCharactersInLastNameField</h3><table class="result"><tr><th class="invisible"/></tr></table><p class="totop"><a href="#summary">back to summary</a></p>
<h3 id="m20">test.CheckoutTest#verifyNumbersInFirstNameField</h3><table class="result"><tr><th class="invisible"/></tr></table><p class="totop"><a href="#summary">back to summary</a></p>
<h3 id="m21">test.CheckoutTest#verifyNumbersInLastNameField</h3><table class="result"><tr><th class="invisible"/></tr></table><p class="totop"><a href="#summary">back to summary</a></p>
<h3 id="m22">test.CheckoutTest#verifySpecialCharactersInFirstNameField</h3><table class="result"><tr><th class="invisible"/></tr></table><p class="totop"><a href="#summary">back to summary</a></p>
<h3 id="m23">test.CheckoutTest#verifySpecialCharactersInLastNameField</h3><table class="result"><tr><th class="invisible"/></tr></table><p class="totop"><a href="#summary">back to summary</a></p>
<h3 id="m24">test.CheckoutTest#verifyTheWrokingOfContinueButtonWithAllValidInformation</h3><table class="result"><tr><th class="invisible"/></tr></table><p class="totop"><a href="#summary">back to summary</a></p>
<h3 id="m25">test.CheckoutTest#verifyWorkingOfCheckoutButton</h3><table class="result"><tr><th class="invisible"/></tr></table><p class="totop"><a href="#summary">back to summary</a></p>
<h3 id="m26">test.EndToEndTest#verifyTheCoustomerAbleToPlaceOrderSuccessuflly</h3><table class="result"><tr><th class="invisible"/></tr></table><p class="totop"><a href="#summary">back to summary</a></p>
<h3 id="m27">test.FooterTest#verifyTheWorkingOfFacebook</h3><table class="result"><tr><th class="invisible"/></tr></table><p class="totop"><a href="#summary">back to summary</a></p>
<h3 id="m28">test.FooterTest#verifyTheWorkingOfLinkedin</h3><table class="result"><tr><th class="invisible"/></tr></table><p class="totop"><a href="#summary">back to summary</a></p>
<h3 id="m29">test.FooterTest#verifyTheWorkingOfTwitter</h3><table class="result"><tr><th class="invisible"/></tr></table><p class="totop"><a href="#summary">back to summary</a></p>
<h3 id="m30">test.FooterTest#verifyThetextOfFooter</h3><table class="result"><tr><th class="invisible"/></tr></table><p class="totop"><a href="#summary">back to summary</a></p>
<h3 id="m31">test.LogOutTest#verifyTheWorkingOfLogout</h3><table class="result"><tr><th class="invisible"/></tr></table><p class="totop"><a href="#summary">back to summary</a></p>
<h3 id="m32">test.OverviewTest#verifyIteamTotalWithAdditionOfProductPrice</h3><table class="result"><tr><th class="invisible"/></tr></table><p class="totop"><a href="#summary">back to summary</a></p>
<h3 id="m33">test.OverviewTest#verifySumofIteamTotalAndTaxWithTotalPrice</h3><table class="result"><tr><th class="invisible"/></tr></table><p class="totop"><a href="#summary">back to summary</a></p>
<h3 id="m34">test.OverviewTest#verifyTheCheckoutOverivewPageWithFinishButton</h3><table class="result"><tr><th class="invisible"/></tr></table><p class="totop"><a href="#summary">back to summary</a></p>
<h3 id="m35">test.OverviewTest#verifyTheCheckoutOverviewPageWithBackHomeButton</h3><table class="result"><tr><th class="invisible"/></tr></table><p class="totop"><a href="#summary">back to summary</a></p>
<h3 id="m36">test.OverviewTest#verifyTheProductPrice</h3><table class="result"><tr><th class="invisible"/></tr></table><p class="totop"><a href="#summary">back to summary</a></p>
<h3 id="m37">test.ProductPageTest#verifyTheClickOnAddToCart</h3><table class="result"><tr><th class="invisible"/></tr></table><p class="totop"><a href="#summary">back to summary</a></p>
<h3 id="m38">test.ProductPageTest#verifyTheClickOnFilterAtoZ</h3><table class="result"><tr><th class="invisible"/></tr></table><p class="totop"><a href="#summary">back to summary</a></p>
<h3 id="m39">test.ProductPageTest#verifyTheClickOnFilterHighToLow</h3><table class="result"><tr><th class="invisible"/></tr></table><p class="totop"><a href="#summary">back to summary</a></p>
<h3 id="m40">test.ProductPageTest#verifyTheClickOnFilterLowToHigh</h3><table class="result"><tr><th class="invisible"/></tr></table><p class="totop"><a href="#summary">back to summary</a></p>
<h3 id="m41">test.ProductPageTest#verifyTheClickOnFilterZtoA</h3><table class="result"><tr><th class="invisible"/></tr></table><p class="totop"><a href="#summary">back to summary</a></p>
<h3 id="m42">test.ProductPageTest#verifyTheMouseOverTheProductName</h3><table class="result"><tr><th class="invisible"/></tr></table><p class="totop"><a href="#summary">back to summary</a></p>
<h3 id="m43">test.ProductPageTest#verifyTheProductImage</h3><table class="result"><tr><th class="invisible"/></tr></table><p class="totop"><a href="#summary">back to summary</a></p>
<h3 id="m44">test.ProductPageTest#verifyTheProductNameLink</h3><table class="result"><tr><th class="invisible"/></tr></table><p class="totop"><a href="#summary">back to summary</a></p>
<h3 id="m45">test.ProductPageTest#verifyTheProductsList</h3><table class="result"><tr><th class="invisible"/></tr></table><p class="totop"><a href="#summary">back to summary</a></p>
<h3 id="m46">test.SwagLabLoginTest#logInWithLockedOutUser</h3><table class="result"><tr><th class="invisible"/></tr></table><p class="totop"><a href="#summary">back to summary</a></p>
<h3 id="m47">test.SwagLabLoginTest#logInWithPerformanceGlitchUser</h3><table class="result"><tr><th class="invisible"/></tr></table><p class="totop"><a href="#summary">back to summary</a></p>
<h3 id="m48">test.SwagLabLoginTest#logInWithProblemUser</h3><table class="result"><tr><th class="invisible"/></tr></table><p class="totop"><a href="#summary">back to summary</a></p>
<h3 id="m49">test.SwagLabLoginTest#logInWithValidStandardUser</h3><table class="result"><tr><th class="invisible"/></tr></table><p class="totop"><a href="#summary">back to summary</a></p>
</body>
</html>
